<?xml version="1.0" encoding="UTF-8"?>
<!-- Generated by org.testng.reporters.JUnitXMLReporter -->
<testsuite ignored="1" hostname="LAPTOP-F1AB4M7S" failures="0" tests="2" name="Default test" time="15.38" errors="0" timestamp="2023-07-04T12:38:05 IST">
  <testcase classname="syamiliacademy.MotherSparsh.Test.BaseTest" name="clickAccountBtnTest" time="3.0"/>
  <testcase classname="syamiliacademy.MotherSparsh.Test.BaseTest" name="loginTest" time="3.22"/>
  <testcase classname="syamiliacademy.MotherSparsh.Test.BaseTest" name="createAcctLinkTest" time="0.0">
    <ignored/>
  </testcase> <!-- createAcctLinkTest -->
</testsuite> <!-- Default test -->
