<?xml version="1.0" encoding="UTF-8"?>
<testng-results ignored="1" total="3" passed="2" failed="0" skipped="0">
  <reporter-output>
  </reporter-output>
  <suite started-at="2023-07-04T12:37:50 IST" name="Default suite" finished-at="2023-07-04T12:38:05 IST" duration-ms="15380">
    <groups>
    </groups>
    <test started-at="2023-07-04T12:37:50 IST" name="Default test" finished-at="2023-07-04T12:38:05 IST" duration-ms="15380">
      <class name="syamiliacademy.MotherSparsh.Test.BaseTest">
        <test-method is-config="true" signature="setup()[pri:0, instance:syamiliacademy.MotherSparsh.Test.BaseTest@c88a337]" started-at="2023-07-04T12:37:50 IST" name="setup" finished-at="2023-07-04T12:37:59 IST" duration-ms="9120" status="PASS">
          <reporter-output>
          </reporter-output>
        </test-method> <!-- setup -->
        <test-method signature="clickAccountBtnTest()[pri:0, instance:syamiliacademy.MotherSparsh.Test.BaseTest@c88a337]" started-at="2023-07-04T12:37:59 IST" name="clickAccountBtnTest" finished-at="2023-07-04T12:38:02 IST" duration-ms="3000" status="PASS">
          <reporter-output>
          </reporter-output>
        </test-method> <!-- clickAccountBtnTest -->
        <test-method signature="loginTest()[pri:1, instance:syamiliacademy.MotherSparsh.Test.BaseTest@c88a337]" started-at="2023-07-04T12:38:02 IST" name="loginTest" finished-at="2023-07-04T12:38:05 IST" duration-ms="3220" status="PASS">
          <reporter-output>
          </reporter-output>
        </test-method> <!-- loginTest -->
      </class> <!-- syamiliacademy.MotherSparsh.Test.BaseTest -->
    </test> <!-- Default test -->
  </suite> <!-- Default suite -->
</testng-results>
